INFO:WDM:====== WebDriver manager ======
INFO:WDM:Get LATEST chromedriver version for google-chrome 107.0.5304
INFO:WDM:Driver [/home/jeff/.wdm/drivers/chromedriver/linux64/107.0.5304/chromedriver] found in cache
INFO:root:logLogInSuccess
INFO:WDM:====== WebDriver manager ======
INFO:WDM:Get LATEST chromedriver version for google-chrome 107.0.5304
INFO:WDM:Driver [/home/jeff/.wdm/drivers/chromedriver/linux64/107.0.5304/chromedriver] found in cache
INFO:root:logOpenBrowserSuccess
INFO:WDM:====== WebDriver manager ======
INFO:WDM:Get LATEST chromedriver version for google-chrome 107.0.5304
INFO:WDM:Driver [/home/jeff/.wdm/drivers/chromedriver/linux64/107.0.5304/chromedriver] found in cache
INFO:root:logOpenBrowserSuccess
INFO:root:logLogInSuccess
INFO:WDM:====== WebDriver manager ======
INFO:WDM:Get LATEST chromedriver version for google-chrome 107.0.5304
INFO:WDM:Driver [/home/jeff/.wdm/drivers/chromedriver/linux64/107.0.5304/chromedriver] found in cache
INFO:root:logOpenBrowserSuccess
INFO:root:logLogInSuccess
INFO:WDM:====== WebDriver manager ======
INFO:WDM:Get LATEST chromedriver version for google-chrome 107.0.5304
INFO:WDM:Driver [/home/jeff/.wdm/drivers/chromedriver/linux64/107.0.5304/chromedriver] found in cache
INFO:root:logOpenBrowserSuccess




INFO:WDM:====== WebDriver manager ======
INFO:WDM:Get LATEST chromedriver version for google-chrome 107.0.5304
INFO:WDM:Driver [/home/jeff/.wdm/drivers/chromedriver/linux64/107.0.5304/chromedriver] found in cache
INFO:root:logOpenBrowserSuccess
INFO:WDM:====== WebDriver manager ======
INFO:WDM:Get LATEST chromedriver version for google-chrome 107.0.5304
INFO:WDM:Driver [/home/jeff/.wdm/drivers/chromedriver/linux64/107.0.5304/chromedriver] found in cache
INFO:root:logOpenBrowserSuccess
INFO:root:logLogInSuccess



INFO:WDM:====== WebDriver manager ======
INFO:WDM:Get LATEST chromedriver version for google-chrome 107.0.5304
INFO:WDM:Driver [/home/jeff/.wdm/drivers/chromedriver/linux64/107.0.5304/chromedriver] found in cache
INFO:root:logOpenBrowserSuccess
INFO:WDM:====== WebDriver manager ======
INFO:WDM:Get LATEST chromedriver version for google-chrome 107.0.5304
INFO:WDM:Driver [/home/jeff/.wdm/drivers/chromedriver/linux64/107.0.5304/chromedriver] found in cache
INFO:root:logOpenBrowserSuccess
INFO:WDM:====== WebDriver manager ======
INFO:WDM:Get LATEST chromedriver version for google-chrome 107.0.5304
INFO:WDM:Driver [/home/jeff/.wdm/drivers/chromedriver/linux64/107.0.5304/chromedriver] found in cache
INFO:root:logOpenBrowserSuccess
INFO:root:logLogInSuccess
INFO:root:click



INFO:WDM:====== WebDriver manager ======
INFO:WDM:Get LATEST chromedriver version for google-chrome 107.0.5304
INFO:WDM:Driver [/home/jeff/.wdm/drivers/chromedriver/linux64/107.0.5304/chromedriver] found in cache
INFO:root:logOpenBrowserSuccess
INFO:WDM:====== WebDriver manager ======
INFO:WDM:Get LATEST chromedriver version for google-chrome 107.0.5304
INFO:WDM:Driver [/home/jeff/.wdm/drivers/chromedriver/linux64/107.0.5304/chromedriver] found in cache
INFO:root:logOpenBrowserSuccess
INFO:root:logLogInSuccess
INFO:root:click
INFO:WDM:====== WebDriver manager ======
INFO:WDM:Get LATEST chromedriver version for google-chrome 107.0.5304
INFO:WDM:Driver [/home/jeff/.wdm/drivers/chromedriver/linux64/107.0.5304/chromedriver] found in cache
INFO:root:logOpenBrowserSuccess
INFO:WDM:====== WebDriver manager ======
INFO:WDM:Get LATEST chromedriver version for google-chrome 107.0.5304
INFO:WDM:Driver [/home/jeff/.wdm/drivers/chromedriver/linux64/107.0.5304/chromedriver] found in cache
INFO:root:logOpenBrowserSuccess
INFO:WDM:====== WebDriver manager ======
INFO:WDM:Get LATEST chromedriver version for google-chrome 107.0.5304
INFO:WDM:Driver [/home/jeff/.wdm/drivers/chromedriver/linux64/107.0.5304/chromedriver] found in cache
INFO:root:logOpenBrowserSuccess
INFO:root:logLogInSuccess
INFO:WDM:====== WebDriver manager ======
INFO:WDM:Get LATEST chromedriver version for google-chrome 107.0.5304
INFO:WDM:Driver [/home/jeff/.wdm/drivers/chromedriver/linux64/107.0.5304/chromedriver] found in cache
INFO:root:logOpenBrowserSuccess
INFO:root:logLogInSuccess
INFO:WDM:====== WebDriver manager ======
INFO:WDM:Get LATEST chromedriver version for google-chrome 107.0.5304
INFO:WDM:Driver [/home/jeff/.wdm/drivers/chromedriver/linux64/107.0.5304/chromedriver] found in cache
INFO:root:logOpenBrowserSuccess
INFO:WDM:====== WebDriver manager ======
INFO:WDM:Get LATEST chromedriver version for google-chrome 107.0.5304
INFO:WDM:Driver [/home/jeff/.wdm/drivers/chromedriver/linux64/107.0.5304/chromedriver] found in cache
INFO:root:logOpenBrowserSuccess
INFO:root:logLogInSuccess
INFO:root:scroll
INFO:root:scroll
INFO:root:scroll
INFO:WDM:====== WebDriver manager ======
INFO:WDM:Get LATEST chromedriver version for google-chrome 107.0.5304
INFO:WDM:Driver [/home/jeff/.wdm/drivers/chromedriver/linux64/107.0.5304/chromedriver] found in cache
INFO:root:logOpenBrowserSuccess
INFO:root:logLogInSuccess
INFO:root:scroll
INFO:root:scroll
INFO:WDM:====== WebDriver manager ======
INFO:WDM:Get LATEST chromedriver version for google-chrome 107.0.5304
INFO:WDM:Driver [/home/jeff/.wdm/drivers/chromedriver/linux64/107.0.5304/chromedriver] found in cache
INFO:root:logOpenBrowserSuccess
INFO:root:logLogInSuccess
INFO:root:click
